<?xml version="1.0" encoding="UTF-8"?>
<!-- Generated by org.testng.reporters.JUnitReportReporter -->
<testsuite hostname="Personal-PC" name="com.wordpress.testcases.VerifyWordpressLogin" tests="1" failures="0" timestamp="5 Apr 2017 18:42:59 GMT" time="24.557" errors="0">
  <testcase name="VerifyValidLogin" time="24.557" classname="com.wordpress.testcases.VerifyWordpressLogin"/>
</testsuite> <!-- com.wordpress.testcases.VerifyWordpressLogin -->
